/Users/neilpenman/git/android/fieldTask3/fieldTask/build/intermediates/pre-dexed/debug/android-support-v4-95751fe0fc7de99561ce9e875e5505de3a5dd53d.jar
/Users/neilpenman/git/android/fieldTask3/fieldTask/build/intermediates/pre-dexed/debug/android_maps_lib-1.1.1-1ffa422c6607dd38bd51f767e875b26fcab9e678.jar
/Users/neilpenman/git/android/fieldTask3/fieldTask/build/intermediates/pre-dexed/debug/apache-mime4j-0.6-9b6ba1f8406752f571d2461e69f895fccf4896f3.jar
/Users/neilpenman/git/android/fieldTask3/fieldTask/build/intermediates/pre-dexed/debug/classes-719e0703fd8d8d8100ba3b36b3da3db4ac579090.jar
/Users/neilpenman/git/android/fieldTask3/fieldTask/build/intermediates/pre-dexed/debug/classes-77df9b2b77389a914b4f4e769658544fb5d0a7fe.jar
/Users/neilpenman/git/android/fieldTask3/fieldTask/build/intermediates/pre-dexed/debug/commons-io-2.4-72b0f68adbc198a1c83c5f62d1f87c1638a56662.jar
/Users/neilpenman/git/android/fieldTask3/fieldTask/build/intermediates/pre-dexed/debug/google-play-services-d6914f314f841b8b0128989f188e10f9fa5e9177.jar
/Users/neilpenman/git/android/fieldTask3/fieldTask/build/intermediates/pre-dexed/debug/gson-2.2.2-e268233ff0267f15b9b4b249f455f84f65ca20fe.jar
/Users/neilpenman/git/android/fieldTask3/fieldTask/build/intermediates/pre-dexed/debug/httpclientandroidlib-4.2.1-f770322c3e7bf369381004ca80ee1ccb7d75c058.jar
/Users/neilpenman/git/android/fieldTask3/fieldTask/build/intermediates/pre-dexed/debug/httpmime-4.0-902fe315cf09b767acb233bd8a14e7212459179b.jar
/Users/neilpenman/git/android/fieldTask3/fieldTask/build/intermediates/pre-dexed/debug/javarosa-libraries-2014-04-29-1eb47213f380f25e0aea8f2b59e9e51708424c29.jar
/Users/neilpenman/git/android/fieldTask3/fieldTask/build/intermediates/pre-dexed/debug/joda-time-2.0-72b4eb3773d67d91013888518701f2492fd6fa84.jar
/Users/neilpenman/git/android/fieldTask3/fieldTask/build/intermediates/pre-dexed/debug/kxml2-2.3.0-05b2c4127918a74599550195762ce610a996b728.jar
/Users/neilpenman/git/android/fieldTask3/fieldTask/build/intermediates/pre-dexed/debug/opencsv-2.3-bf244037654f2b65415e41ecfef98d9a50bffebd.jar
/Users/neilpenman/git/android/fieldTask3/fieldTask/build/intermediates/pre-dexed/debug/regexp-me-cdda3aab2666198fc51948245c0d6fd7f4f90817.jar
/Users/neilpenman/git/android/fieldTask3/fieldTask/build/intermediates/classes/debug
/Users/neilpenman/git/android/fieldTask3/fieldTask/build/intermediates/pre-dexed/debug/android-support-v4-95751fe0fc7de99561ce9e875e5505de3a5dd53d.jar
/Users/neilpenman/git/android/fieldTask3/fieldTask/build/intermediates/pre-dexed/debug/android_maps_lib-1.1.1-1ffa422c6607dd38bd51f767e875b26fcab9e678.jar
/Users/neilpenman/git/android/fieldTask3/fieldTask/build/intermediates/pre-dexed/debug/apache-mime4j-0.6-9b6ba1f8406752f571d2461e69f895fccf4896f3.jar
/Users/neilpenman/git/android/fieldTask3/fieldTask/build/intermediates/pre-dexed/debug/classes-719e0703fd8d8d8100ba3b36b3da3db4ac579090.jar
/Users/neilpenman/git/android/fieldTask3/fieldTask/build/intermediates/pre-dexed/debug/classes-77df9b2b77389a914b4f4e769658544fb5d0a7fe.jar
/Users/neilpenman/git/android/fieldTask3/fieldTask/build/intermediates/pre-dexed/debug/commons-io-2.4-72b0f68adbc198a1c83c5f62d1f87c1638a56662.jar
/Users/neilpenman/git/android/fieldTask3/fieldTask/build/intermediates/pre-dexed/debug/google-play-services-d6914f314f841b8b0128989f188e10f9fa5e9177.jar
/Users/neilpenman/git/android/fieldTask3/fieldTask/build/intermediates/pre-dexed/debug/gson-2.2.2-e268233ff0267f15b9b4b249f455f84f65ca20fe.jar
/Users/neilpenman/git/android/fieldTask3/fieldTask/build/intermediates/pre-dexed/debug/httpclientandroidlib-4.2.1-f770322c3e7bf369381004ca80ee1ccb7d75c058.jar
/Users/neilpenman/git/android/fieldTask3/fieldTask/build/intermediates/pre-dexed/debug/httpmime-4.0-902fe315cf09b767acb233bd8a14e7212459179b.jar
/Users/neilpenman/git/android/fieldTask3/fieldTask/build/intermediates/pre-dexed/debug/javarosa-libraries-2014-04-29-1eb47213f380f25e0aea8f2b59e9e51708424c29.jar
/Users/neilpenman/git/android/fieldTask3/fieldTask/build/intermediates/pre-dexed/debug/joda-time-2.0-72b4eb3773d67d91013888518701f2492fd6fa84.jar
/Users/neilpenman/git/android/fieldTask3/fieldTask/build/intermediates/pre-dexed/debug/kxml2-2.3.0-05b2c4127918a74599550195762ce610a996b728.jar
/Users/neilpenman/git/android/fieldTask3/fieldTask/build/intermediates/pre-dexed/debug/opencsv-2.3-bf244037654f2b65415e41ecfef98d9a50bffebd.jar
/Users/neilpenman/git/android/fieldTask3/fieldTask/build/intermediates/pre-dexed/debug/regexp-me-cdda3aab2666198fc51948245c0d6fd7f4f90817.jar
/Users/neilpenman/git/android/fieldTask3/fieldTask/build/intermediates/classes/debug
/Users/neilpenman/git/android/fieldTask3/fieldTask/build/intermediates/pre-dexed/debug/android-support-v4-95751fe0fc7de99561ce9e875e5505de3a5dd53d.jar
/Users/neilpenman/git/android/fieldTask3/fieldTask/build/intermediates/pre-dexed/debug/android_maps_lib-1.1.1-1ffa422c6607dd38bd51f767e875b26fcab9e678.jar
/Users/neilpenman/git/android/fieldTask3/fieldTask/build/intermediates/pre-dexed/debug/apache-mime4j-0.6-9b6ba1f8406752f571d2461e69f895fccf4896f3.jar
/Users/neilpenman/git/android/fieldTask3/fieldTask/build/intermediates/pre-dexed/debug/classes-719e0703fd8d8d8100ba3b36b3da3db4ac579090.jar
/Users/neilpenman/git/android/fieldTask3/fieldTask/build/intermediates/pre-dexed/debug/classes-77df9b2b77389a914b4f4e769658544fb5d0a7fe.jar
/Users/neilpenman/git/android/fieldTask3/fieldTask/build/intermediates/pre-dexed/debug/commons-io-2.4-72b0f68adbc198a1c83c5f62d1f87c1638a56662.jar
/Users/neilpenman/git/android/fieldTask3/fieldTask/build/intermediates/pre-dexed/debug/google-play-services-d6914f314f841b8b0128989f188e10f9fa5e9177.jar
/Users/neilpenman/git/android/fieldTask3/fieldTask/build/intermediates/pre-dexed/debug/gson-2.2.2-e268233ff0267f15b9b4b249f455f84f65ca20fe.jar
/Users/neilpenman/git/android/fieldTask3/fieldTask/build/intermediates/pre-dexed/debug/httpclientandroidlib-4.2.1-f770322c3e7bf369381004ca80ee1ccb7d75c058.jar
/Users/neilpenman/git/android/fieldTask3/fieldTask/build/intermediates/pre-dexed/debug/httpmime-4.0-902fe315cf09b767acb233bd8a14e7212459179b.jar
/Users/neilpenman/git/android/fieldTask3/fieldTask/build/intermediates/pre-dexed/debug/javarosa-libraries-2014-04-29-1eb47213f380f25e0aea8f2b59e9e51708424c29.jar
/Users/neilpenman/git/android/fieldTask3/fieldTask/build/intermediates/pre-dexed/debug/joda-time-2.0-72b4eb3773d67d91013888518701f2492fd6fa84.jar
/Users/neilpenman/git/android/fieldTask3/fieldTask/build/intermediates/pre-dexed/debug/kxml2-2.3.0-05b2c4127918a74599550195762ce610a996b728.jar
/Users/neilpenman/git/android/fieldTask3/fieldTask/build/intermediates/pre-dexed/debug/opencsv-2.3-bf244037654f2b65415e41ecfef98d9a50bffebd.jar
/Users/neilpenman/git/android/fieldTask3/fieldTask/build/intermediates/pre-dexed/debug/regexp-me-cdda3aab2666198fc51948245c0d6fd7f4f90817.jar
/Users/neilpenman/git/android/fieldTask3/fieldTask/build/intermediates/classes/debug
/Users/neilpenman/git/android/fieldTask3/fieldTask/build/intermediates/pre-dexed/debug/android-support-v4-95751fe0fc7de99561ce9e875e5505de3a5dd53d.jar
/Users/neilpenman/git/android/fieldTask3/fieldTask/build/intermediates/pre-dexed/debug/android_maps_lib-1.1.1-1ffa422c6607dd38bd51f767e875b26fcab9e678.jar
/Users/neilpenman/git/android/fieldTask3/fieldTask/build/intermediates/pre-dexed/debug/apache-mime4j-0.6-9b6ba1f8406752f571d2461e69f895fccf4896f3.jar
/Users/neilpenman/git/android/fieldTask3/fieldTask/build/intermediates/pre-dexed/debug/classes-719e0703fd8d8d8100ba3b36b3da3db4ac579090.jar
/Users/neilpenman/git/android/fieldTask3/fieldTask/build/intermediates/pre-dexed/debug/classes-77df9b2b77389a914b4f4e769658544fb5d0a7fe.jar
/Users/neilpenman/git/android/fieldTask3/fieldTask/build/intermediates/pre-dexed/debug/commons-io-2.4-72b0f68adbc198a1c83c5f62d1f87c1638a56662.jar
/Users/neilpenman/git/android/fieldTask3/fieldTask/build/intermediates/pre-dexed/debug/google-play-services-d6914f314f841b8b0128989f188e10f9fa5e9177.jar
/Users/neilpenman/git/android/fieldTask3/fieldTask/build/intermediates/pre-dexed/debug/gson-2.2.2-e268233ff0267f15b9b4b249f455f84f65ca20fe.jar
/Users/neilpenman/git/android/fieldTask3/fieldTask/build/intermediates/pre-dexed/debug/httpclientandroidlib-4.2.1-f770322c3e7bf369381004ca80ee1ccb7d75c058.jar
/Users/neilpenman/git/android/fieldTask3/fieldTask/build/intermediates/pre-dexed/debug/httpmime-4.0-902fe315cf09b767acb233bd8a14e7212459179b.jar
/Users/neilpenman/git/android/fieldTask3/fieldTask/build/intermediates/pre-dexed/debug/javarosa-libraries-2014-04-29-1eb47213f380f25e0aea8f2b59e9e51708424c29.jar
/Users/neilpenman/git/android/fieldTask3/fieldTask/build/intermediates/pre-dexed/debug/joda-time-2.0-72b4eb3773d67d91013888518701f2492fd6fa84.jar
/Users/neilpenman/git/android/fieldTask3/fieldTask/build/intermediates/pre-dexed/debug/kxml2-2.3.0-05b2c4127918a74599550195762ce610a996b728.jar
/Users/neilpenman/git/android/fieldTask3/fieldTask/build/intermediates/pre-dexed/debug/opencsv-2.3-bf244037654f2b65415e41ecfef98d9a50bffebd.jar
/Users/neilpenman/git/android/fieldTask3/fieldTask/build/intermediates/pre-dexed/debug/regexp-me-cdda3aab2666198fc51948245c0d6fd7f4f90817.jar
/Users/neilpenman/git/android/fieldTask3/fieldTask/build/intermediates/classes/debug
